Log file open, 03/14/19 22:40:21
LogWindows: Failed to load 'aqProf.dll' (GetLastError=126)
LogWindows: File 'aqProf.dll' does not exist
LogWindows: Failed to load 'VtuneApi.dll' (GetLastError=126)
LogWindows: File 'VtuneApi.dll' does not exist
LogWindows: Failed to load 'VtuneApi32e.dll' (GetLastError=126)
LogWindows: File 'VtuneApi32e.dll' does not exist
LogPakFile: Display: Found Pak file ../../../RumAgar/Content/Paks/RumAgar-WindowsNoEditor.pak attempting to mount.
LogPakFile: Display: Mounting pak file ../../../RumAgar/Content/Paks/RumAgar-WindowsNoEditor.pak.
LogPlatformFile: Not using cached read wrapper
LogTaskGraph: Started task graph with 5 named threads and 35 total threads with 3 sets of task threads.
LogStats: Stats thread started at 0.386648
LogD3D11RHI: Loaded GFSDK_Aftermath_Lib.x64.dll
LogICUInternationalization: Display: ICU TimeZone Detection - Raw Offset: +4:00, Platform Override: ''
LogPluginManager: Mounting plugin Paper2D
LogPluginManager: Mounting plugin AISupport
LogPluginManager: Mounting plugin LightPropagationVolume
LogPluginManager: Mounting plugin AssetManagerEditor
LogPluginManager: Mounting plugin CryptoKeys
LogPluginManager: Mounting plugin FacialAnimation
LogPluginManager: Mounting plugin MeshEditor
LogPluginManager: Mounting plugin EditableMesh
LogPluginManager: Mounting plugin DatasmithContent
LogPluginManager: Mounting plugin AlembicImporter
LogPluginManager: Mounting plugin GeometryCache
LogPluginManager: Mounting plugin AppleImageUtils
LogPluginManager: Mounting plugin AppleVision
LogPluginManager: Mounting plugin BackChannel
LogPluginManager: Mounting plugin CharacterAI
LogPluginManager: Mounting plugin HTML5Networking
LogPluginManager: Mounting plugin AvfMedia
LogPluginManager: Mounting plugin ImgMedia
LogPluginManager: Mounting plugin LinearTimecode
LogPluginManager: Mounting plugin MediaCompositing
LogPluginManager: Mounting plugin WmfMedia
LogPluginManager: Mounting plugin TcpMessaging
LogPluginManager: Mounting plugin UdpMessaging
LogPluginManager: Mounting plugin ActorSequence
LogPluginManager: Mounting plugin NetcodeUnitTest
LogPluginManager: Mounting plugin OnlineSubsystem
LogPluginManager: Mounting plugin OnlineSubsystemNull
LogPluginManager: Mounting plugin OnlineSubsystemUtils
LogPluginManager: Mounting plugin LauncherChunkInstaller
LogPluginManager: Mounting plugin AndroidPermission
LogPluginManager: Mounting plugin ArchVisCharacter
LogPluginManager: Mounting plugin AudioCapture
LogPluginManager: Mounting plugin CableComponent
LogPluginManager: Mounting plugin CustomMeshComponent
LogPluginManager: Mounting plugin ExampleDeviceProfileSelector
LogPluginManager: Mounting plugin ImmediatePhysics
LogPluginManager: Mounting plugin LocationServicesBPLibrary
LogPluginManager: Mounting plugin MobilePatchingUtils
LogPluginManager: Mounting plugin OculusVR
LogPluginManager: Mounting plugin ProceduralMeshComponent
LogPluginManager: Mounting plugin PhysXVehicles
LogPluginManager: Mounting plugin RuntimePhysXCooking
LogPluginManager: Mounting plugin SteamVR
LogPluginManager: Mounting plugin WindowsMoviePlayer
LogStreaming: Display: Took  0.057s to configure plugins.
LogInit: Using libcurl 7.55.1-DEV
LogInit:  - built for x86_64-pc-win32
LogInit:  - supports SSL with OpenSSL/1.0.2h
LogInit:  - supports HTTP deflate (compression) using libz 1.2.8
LogInit:  - other features:
LogInit:      CURL_VERSION_SSL
LogInit:      CURL_VERSION_LIBZ
LogInit:      CURL_VERSION_IPV6
LogInit:      CURL_VERSION_ASYNCHDNS
LogInit:      CURL_VERSION_LARGEFILE
LogInit:      CURL_VERSION_IDN
LogInit:  CurlRequestOptions (configurable via config and command line):
LogInit:  - bVerifyPeer = false  - Libcurl will NOT verify peer certificate
LogInit:  - bUseHttpProxy = false  - Libcurl will NOT use HTTP proxy
LogInit:  - bDontReuseConnections = false  - Libcurl will reuse connections
LogInit:  - CertBundlePath = nullptr  - Libcurl will use whatever was configured at build time.
LogInit:  - MaxHostConnections = 16  - Libcurl will limit the number of connections to a host
LogInit:  - LocalHostAddr = Default
LogInit:  - BufferSize = 65536
LogInit: WinSock: version 1.1 (2.2), MaxSocks=32767, MaxUdp=65467
LogInit: Build: ++UE4+Release-4.20-CL-0
LogInit: Engine Version: 4.20.3-0+++UE4+Release-4.20
LogInit: Compatible Engine Version: 4.20.0-0+++UE4+Release-4.20
LogInit: Net CL: 0
LogInit: OS: Windows 8.1 (), CPU: Intel(R) Core(TM) i7-5820K CPU @ 3.30GHz, GPU: NVIDIA GeForce GTX 970
LogInit: Compiled (64-bit): Mar 14 2019 21:43:30
LogInit: Compiled with Visual C++: 19.16.27027.01
LogInit: Build Configuration: Development
LogInit: Branch Name: ++UE4+Release-4.20
LogInit: Command Line:  
LogInit: Base Directory: E:/YandexDisk/_IFMO/3rd_SEM/Networks/UE4/WindowsNoEditor/RumAgar/Binaries/Win64/
LogInit: Installed Engine Build: 0
LogDevObjectVersion: Number of dev versions registered: 20
LogDevObjectVersion:   Dev-Blueprints (B0D832E4-1F89-4F0D-ACCF-7EB736FD4AA2): 10
LogDevObjectVersion:   Dev-Build (E1C64328-A22C-4D53-A36C-8E866417BD8C): 0
LogDevObjectVersion:   Dev-Core (375EC13C-06E4-48FB-B500-84F0262A717E): 2
LogDevObjectVersion:   Dev-Editor (E4B068ED-F494-42E9-A231-DA0B2E46BB41): 24
LogDevObjectVersion:   Dev-Framework (CFFC743F-43B0-4480-9391-14DF171D2073): 34
LogDevObjectVersion:   Dev-Mobile (B02B49B5-BB20-44E9-A304-32B752E40360): 2
LogDevObjectVersion:   Dev-Networking (A4E4105C-59A1-49B5-A7C5-40C4547EDFEE): 0
LogDevObjectVersion:   Dev-Online (39C831C9-5AE6-47DC-9A44-9C173E1C8E7C): 0
LogDevObjectVersion:   Dev-Physics (78F01B33-EBEA-4F98-B9B4-84EACCB95AA2): 0
LogDevObjectVersion:   Dev-Platform (6631380F-2D4D-43E0-8009-CF276956A95A): 0
LogDevObjectVersion:   Dev-Rendering (12F88B9F-8875-4AFC-A67C-D90C383ABD29): 26
LogDevObjectVersion:   Dev-Sequencer (7B5AE74C-D270-4C10-A958-57980B212A5A): 9
LogDevObjectVersion:   Dev-VR (D7296918-1DD6-4BDD-9DE2-64A83CC13884): 2
LogDevObjectVersion:   Dev-LoadTimes (C2A15278-BFE7-4AFE-6C17-90FF531DF755): 1
LogDevObjectVersion:   Private-Geometry (6EACA3D4-40EC-4CC1-B786-8BED09428FC5): 3
LogDevObjectVersion:   Dev-AnimPhys (29E575DD-E0A3-4627-9D10-D276232CDCEA): 17
LogDevObjectVersion:   Dev-ReflectionCapture (6B266CEC-1EC7-4B8F-A30B-E4D90942FC07): 1
LogDevObjectVersion:   Dev-Automation (0DF73D61-A23F-47EA-B727-89E90C41499A): 1
LogDevObjectVersion:   FortniteMain (601D1886-AC64-4F84-AA16-D3DE0DEAC7D6): 12
LogDevObjectVersion:   Dev-Enterprise (9DFFBCD6-494F-0158-E221-12823C92A888): 1
LogStreaming: Display: Took  0.000s to delete old logs.
LogInit: Presizing for max 2097152 objects, including 0 objects not considered by GC, pre-allocating 0 bytes for permanent pool.
LogStreaming: Display: Async Loading initialized: Event Driven Loader: true, Async Loading Thread: false, Async Post Load: true
LogInit: Object subsystem initialized
[2019.03.14-19.40.21:242][  0]LogInit: Selected Device Profile: [WindowsNoEditor]
[2019.03.14-19.40.21:242][  0]LogInit: Applying CVar settings loaded from the selected device profile: [WindowsNoEditor]
[2019.03.14-19.40.21:249][  0]LogHAL: Display: Platform has ~ 40 GB [42857824256 / 68719476736 / 40], which maps to Largest [LargestMinGB=32, LargerMinGB=12, DefaultMinGB=8, SmallerMinGB=6, SmallestMinGB=0)
[2019.03.14-19.40.21:249][  0]LogInit: Going up to parent DeviceProfile [Windows]
[2019.03.14-19.40.21:250][  0]LogInit: Setting Device Profile CVar: [[r.Vulkan.UseRealUBs:1]]
[2019.03.14-19.40.21:250][  0]LogInit: Going up to parent DeviceProfile []
[2019.03.14-19.40.21:250][  0]LogInit: Computer: LEE
[2019.03.14-19.40.21:250][  0]LogInit: User: AlexanderRumyantsev
[2019.03.14-19.40.21:250][  0]LogInit: CPU Page size=4096, Cores=6
[2019.03.14-19.40.21:250][  0]LogInit: High frequency timer resolution =3.220789 MHz
[2019.03.14-19.40.21:250][  0]LogMemory: Memory total: Physical=39.9GB (40GB approx)
[2019.03.14-19.40.21:250][  0]LogMemory: Platform Memory Stats for WindowsNoEditor
[2019.03.14-19.40.21:250][  0]LogMemory: Process Physical Memory: 52.04 MB used, 52.04 MB peak
[2019.03.14-19.40.21:250][  0]LogMemory: Process Virtual Memory: 65.89 MB used, 65.89 MB peak
[2019.03.14-19.40.21:250][  0]LogMemory: Physical Memory: 16228.30 MB used,  24644.11 MB free, 40872.41 MB total
[2019.03.14-19.40.21:250][  0]LogMemory: Virtual Memory: 291.64 MB used,  24644.11 MB free, 134217728.00 MB total
[2019.03.14-19.40.21:276][  0]LogInit: Using OS detected language (en-US).
[2019.03.14-19.40.21:276][  0]LogInit: Using OS detected locale (en-US).
[2019.03.14-19.40.21:276][  0]LogTextLocalizationManager: No specific localization for 'en-US' exists, so the 'en' localization will be used.
[2019.03.14-19.40.21:302][  0]LogStreaming: Display: Took  0.025s to InitEngineTextLocalization.
[2019.03.14-19.40.21:324][  0]LogSlate: New Slate User Created.  User Index 0, Is Virtual User: 0
[2019.03.14-19.40.21:324][  0]LogSlate: Slate User Registered.  User Index 0, Is Virtual User: 0
[2019.03.14-19.40.21:334][  0]LogHMD: Failed to initialize OpenVR with code 110
[2019.03.14-19.40.21:334][  0]LogD3D11RHI: D3D11 adapters:
[2019.03.14-19.40.21:418][  0]LogD3D11RHI:    0. 'NVIDIA GeForce GTX 970' (Feature Level 11_0)
[2019.03.14-19.40.21:418][  0]LogD3D11RHI:       3992/0/20436 MB DedicatedVideo/DedicatedSystem/SharedSystem, Outputs:2, VendorId:0x10de
[2019.03.14-19.40.21:419][  0]LogD3D11RHI:    1. 'Microsoft Basic Render Driver' (Feature Level 11_0)
[2019.03.14-19.40.21:419][  0]LogD3D11RHI:       0/0/256 MB DedicatedVideo/DedicatedSystem/SharedSystem, Outputs:0, VendorId:0x1414
[2019.03.14-19.40.21:419][  0]LogD3D11RHI: Chosen D3D11 Adapter: 0
[2019.03.14-19.40.21:429][  0]LogD3D11RHI: Creating new Direct3DDevice
[2019.03.14-19.40.21:429][  0]LogD3D11RHI:     GPU DeviceId: 0x13c2 (for the marketing name, search the web for "GPU Device Id")
[2019.03.14-19.40.21:429][  0]LogWindows: EnumDisplayDevices:
[2019.03.14-19.40.21:429][  0]LogWindows:    0. 'NVIDIA GeForce GTX 970' (P:0 D:1)
[2019.03.14-19.40.21:429][  0]LogWindows:    1. 'NVIDIA GeForce GTX 970' (P:1 D:1)
[2019.03.14-19.40.21:429][  0]LogWindows:    2. 'NVIDIA GeForce GTX 970' (P:0 D:0)
[2019.03.14-19.40.21:429][  0]LogWindows:    3. 'NVIDIA GeForce GTX 970' (P:0 D:0)
[2019.03.14-19.40.21:429][  0]LogWindows: DebugString: FoundDriverCount:4 
[2019.03.14-19.40.21:429][  0]LogD3D11RHI:     Adapter Name: NVIDIA GeForce GTX 970
[2019.03.14-19.40.21:429][  0]LogD3D11RHI:   Driver Version: 419.35 (internal:25.21.14.1935, unified:419.35)
[2019.03.14-19.40.21:429][  0]LogD3D11RHI:      Driver Date: 3-1-2019
[2019.03.14-19.40.21:429][  0]LogRHI: Texture pool is 2794 MB (70% of 3992 MB)
[2019.03.14-19.40.21:447][  0]LogD3D11RHI: Async texture creation enabled
[2019.03.14-19.40.21:466][  0]LogD3D11RHI: GPU Timing Frequency: 1000.000000 (Debug: 2 2)
[2019.03.14-19.40.21:558][  0]LogShaderLibrary: Display: Failed to load Shared Shader Library: Global and no native library supported.
[2019.03.14-19.40.21:558][  0]LogShaderLibrary: Display: Failed to load Shared Shader Library: Global_SC and no native library supported.
[2019.03.14-19.40.21:558][  0]LogShaderLibrary: Display: Failed to load Shared Shader Library: Paper2D and no native library supported.
[2019.03.14-19.40.21:558][  0]LogShaderLibrary: Display: Failed to load Shared Shader Library: Paper2D_SC and no native library supported.
[2019.03.14-19.40.21:558][  0]LogShaderLibrary: Display: Failed to load Shared Shader Library: Paper2D and no native library supported.
[2019.03.14-19.40.21:558][  0]LogShaderLibrary: Display: Failed to load Shared Shader Library: Paper2D_SC and no native library supported.
[2019.03.14-19.40.21:559][  0]LogShaderLibrary: Display: Failed to load Shared Shader Library: CryptoKeys and no native library supported.
[2019.03.14-19.40.21:559][  0]LogShaderLibrary: Display: Failed to load Shared Shader Library: CryptoKeys_SC and no native library supported.
[2019.03.14-19.40.21:559][  0]LogShaderLibrary: Display: Failed to load Shared Shader Library: CryptoKeys and no native library supported.
[2019.03.14-19.40.21:559][  0]LogShaderLibrary: Display: Failed to load Shared Shader Library: CryptoKeys_SC and no native library supported.
[2019.03.14-19.40.21:559][  0]LogShaderLibrary: Display: Failed to load Shared Shader Library: MeshEditor and no native library supported.
[2019.03.14-19.40.21:559][  0]LogShaderLibrary: Display: Failed to load Shared Shader Library: MeshEditor_SC and no native library supported.
[2019.03.14-19.40.21:559][  0]LogShaderLibrary: Display: Failed to load Shared Shader Library: MeshEditor and no native library supported.
[2019.03.14-19.40.21:559][  0]LogShaderLibrary: Display: Failed to load Shared Shader Library: MeshEditor_SC and no native library supported.
[2019.03.14-19.40.21:559][  0]LogShaderLibrary: Display: Failed to load Shared Shader Library: DatasmithContent and no native library supported.
[2019.03.14-19.40.21:559][  0]LogShaderLibrary: Display: Failed to load Shared Shader Library: DatasmithContent_SC and no native library supported.
[2019.03.14-19.40.21:559][  0]LogShaderLibrary: Display: Failed to load Shared Shader Library: DatasmithContent and no native library supported.
[2019.03.14-19.40.21:559][  0]LogShaderLibrary: Display: Failed to load Shared Shader Library: DatasmithContent_SC and no native library supported.
[2019.03.14-19.40.21:559][  0]LogShaderLibrary: Display: Failed to load Shared Shader Library: MediaCompositing and no native library supported.
[2019.03.14-19.40.21:559][  0]LogShaderLibrary: Display: Failed to load Shared Shader Library: MediaCompositing_SC and no native library supported.
[2019.03.14-19.40.21:559][  0]LogShaderLibrary: Display: Failed to load Shared Shader Library: MediaCompositing and no native library supported.
[2019.03.14-19.40.21:559][  0]LogShaderLibrary: Display: Failed to load Shared Shader Library: MediaCompositing_SC and no native library supported.
[2019.03.14-19.40.21:559][  0]LogShaderLibrary: Display: Failed to load Shared Shader Library: OculusVR and no native library supported.
[2019.03.14-19.40.21:559][  0]LogShaderLibrary: Display: Failed to load Shared Shader Library: OculusVR_SC and no native library supported.
[2019.03.14-19.40.21:559][  0]LogShaderLibrary: Display: Failed to load Shared Shader Library: OculusVR and no native library supported.
[2019.03.14-19.40.21:559][  0]LogShaderLibrary: Display: Failed to load Shared Shader Library: OculusVR_SC and no native library supported.
[2019.03.14-19.40.21:559][  0]LogShaderLibrary: Display: Failed to load Shared Shader Library: SteamVR and no native library supported.
[2019.03.14-19.40.21:559][  0]LogShaderLibrary: Display: Failed to load Shared Shader Library: SteamVR_SC and no native library supported.
[2019.03.14-19.40.21:559][  0]LogShaderLibrary: Display: Failed to load Shared Shader Library: SteamVR and no native library supported.
[2019.03.14-19.40.21:560][  0]LogShaderLibrary: Display: Failed to load Shared Shader Library: SteamVR_SC and no native library supported.
[2019.03.14-19.40.21:560][  0]LogRHI: Display: Failed to open default shader pipeline cache for RumAgar using shader platform 0.
[2019.03.14-19.40.21:560][  0]LogRHI: Display: Failed to open default shader pipeline cache for RumAgar using shader platform 0.
[2019.03.14-19.40.21:575][  0]LogMaterial: Verifying Global Shaders for PCD3D_SM5
[2019.03.14-19.40.21:599][  0]LogSlate: Using FreeType 2.6.0
[2019.03.14-19.40.21:600][  0]LogSlate: SlateFontServices - WITH_FREETYPE: 1, WITH_HARFBUZZ: 1
[2019.03.14-19.40.21:646][  0]LogShaderLibrary: Display: Failed to load Shared Shader Library: RumAgar and no native library supported.
[2019.03.14-19.40.21:646][  0]LogShaderLibrary: Display: Failed to load Shared Shader Library: RumAgar_SC and no native library supported.
[2019.03.14-19.40.21:646][  0]LogRHI: Display: Failed to open default shader pipeline cache for RumAgar using shader platform 0.
[2019.03.14-19.40.21:647][  0]LogShaderLibrary: Display: Failed to load Shared Shader Library: RumAgar and no native library supported.
[2019.03.14-19.40.21:647][  0]LogShaderLibrary: Display: Failed to load Shared Shader Library: RumAgar_SC and no native library supported.
[2019.03.14-19.40.21:647][  0]LogRHI: Display: Failed to open default shader pipeline cache for RumAgar using shader platform 0.
[2019.03.14-19.40.21:647][  0]LogInit: Using OS detected language (en-US).
[2019.03.14-19.40.21:647][  0]LogInit: Using OS detected locale (en-US).
[2019.03.14-19.40.21:647][  0]LogTextLocalizationManager: No localization for 'en-US' exists, so 'en' will be used for the language.
[2019.03.14-19.40.21:647][  0]LogTextLocalizationManager: No localization for 'en-US' exists, so 'en' will be used for the locale.
[2019.03.14-19.40.21:666][  0]LogStreaming: Display: Took  0.019s to InitGameTextLocalization.
[2019.03.14-19.40.21:676][  0]LogAssetRegistry: FAssetRegistry took 0.0093 seconds to start up
[2019.03.14-19.40.21:788][  0]LogStreaming: Display: Flushing async loaders.
[2019.03.14-19.40.21:796][  0]LogPackageLocalizationCache: Processed 9 localized package path(s) for 1 prioritized culture(s) in 0.007072 seconds
[2019.03.14-19.40.21:796][  0]LogPakFile: New pak file ../../../RumAgar/Content/Paks/RumAgar-WindowsNoEditor.pak added to pak precacher.
[2019.03.14-19.40.21:797][  0]LogInit: Selected Device Profile: [WindowsNoEditor]
[2019.03.14-19.40.21:820][  0]LogNetVersion: RumAgar 1.0.0, NetCL: 0, EngineNetVer: 5, GameNetVer: 0 (Checksum: 1917226501)
[2019.03.14-19.40.22:010][  0]LogMoviePlayer: Initializing movie player
[2019.03.14-19.40.22:122][  0]LogSlate: Slate font cache was flushed
[2019.03.14-19.40.22:211][  0]LogAndroidPermission: UAndroidPermissionCallbackProxy::GetInstance
[2019.03.14-19.40.22:211][  0]LogOcInput: OculusInput pre-init called
[2019.03.14-19.40.22:221][  0]LogUObjectArray: 33878 objects as part of root set at end of initial load.
[2019.03.14-19.40.22:222][  0]LogUObjectAllocator: 5087360 out of 0 bytes used by permanent object pool.
[2019.03.14-19.40.22:222][  0]LogUObjectArray: CloseDisregardForGC: 0/0 objects in disregard for GC pool
[2019.03.14-19.40.22:233][  0]LogEngine: Initializing Engine...
[2019.03.14-19.40.22:233][  0]LogHMD: Failed to initialize OpenVR with code 110
[2019.03.14-19.40.22:244][  0]LogStats: UGameplayTagsManager::ConstructGameplayTagTree: ImportINI prefixes -  0.000 s
[2019.03.14-19.40.22:244][  0]LogStats: UGameplayTagsManager::ConstructGameplayTagTree: Construct from data asset -  0.000 s
[2019.03.14-19.40.22:245][  0]LogStats: UGameplayTagsManager::ConstructGameplayTagTree: ImportINI -  0.000 s
[2019.03.14-19.40.22:245][  0]LogStats: UGameplayTagsManager::ConstructGameplayTagTree: GameplayTagTreeChangedEvent.Broadcast -  0.000 s
[2019.03.14-19.40.22:357][  0]LogInit: Initializing FReadOnlyCVARCache
[2019.03.14-19.40.22:369][  0]LogInit: XAudio2 using 'Speakers (Realtek High Definition Audio)' : 2 channels at 48 kHz using 32 bits per sample (channel mask 0x3)
[2019.03.14-19.40.22:378][  0]LogInit: FAudioDevice initialized.
[2019.03.14-19.40.22:390][  0]LogNetVersion: Set ProjectVersion to 0.1.0.2. Version Checksum will be recalculated on next use.
[2019.03.14-19.40.22:390][  0]LogInit: Texture streaming: Enabled
[2019.03.14-19.40.22:402][  0]LogSlate: Updating window title bar state: overlay mode, drag disabled, window buttons hidden, title bar hidden
[2019.03.14-19.40.22:402][  0]LogInit: Display: Game Engine Initialized.
[2019.03.14-19.40.22:402][  0]LogGameplayTags: Display: UGameplayTagsManager::DoneAddingNativeTags. DelegateIsBound: 0
[2019.03.14-19.40.22:402][  0]LogStats: UGameplayTagsManager::ConstructGameplayTagTree: ImportINI prefixes -  0.000 s
[2019.03.14-19.40.22:402][  0]LogStats: UGameplayTagsManager::ConstructGameplayTagTree: Construct from data asset -  0.000 s
[2019.03.14-19.40.22:402][  0]LogStats: UGameplayTagsManager::ConstructGameplayTagTree: ImportINI -  0.000 s
[2019.03.14-19.40.22:402][  0]LogStats: UGameplayTagsManager::ConstructGameplayTagTree: GameplayTagTreeChangedEvent.Broadcast -  0.000 s
[2019.03.14-19.40.22:412][  0]LogInit: Display: Starting Game.
[2019.03.14-19.40.22:412][  0]LogNet: Browse: /Game/Maps/LobbyLevel?Name=Player
[2019.03.14-19.40.22:412][  0]LogLoad: LoadMap: /Game/Maps/LobbyLevel?Name=Player
[2019.03.14-19.40.22:472][  0]LogAIModule: Creating AISystem for world LobbyLevel
[2019.03.14-19.40.22:473][  0]LogLoad: Game class is 'Agar_GameMode_C'
[2019.03.14-19.40.22:474][  0]LogWorld: Bringing World /Game/Maps/LobbyLevel.LobbyLevel up for play (max tick rate 0) at 2019.03.14-22.40.22
[2019.03.14-19.40.22:474][  0]LogWorld: Bringing up level for play took: 0.001258
[2019.03.14-19.40.22:476][  0]LogUMG: Display: Widget Class MainMenu_C - Loaded Fast Template.
[2019.03.14-19.40.22:478][  0]LogSlate: Took 0.000265 seconds to synchronously load lazily loaded font '../../../Engine/Content/Slate/Fonts/Roboto-Regular.ttf' (155K)
[2019.03.14-19.40.22:479][  0]PIE: Warning: The widget 'MainMenu_C' was already added to the screen.
[2019.03.14-19.40.22:479][  0]LogLoad: Took 0.066740 seconds to LoadMap(/Game/Maps/LobbyLevel)
[2019.03.14-19.40.22:479][  0]LogSlate: Took 0.000168 seconds to synchronously load lazily loaded font '../../../Engine/Content/EngineFonts/Faces/RobotoLight.ufont' (167K)
[2019.03.14-19.40.22:479][  0]LogSlate: Took 0.000125 seconds to synchronously load lazily loaded font '../../../Engine/Content/EngineFonts/Faces/RobotoRegular.ufont' (155K)
[2019.03.14-19.40.22:480][  0]LogSlate: Took 0.000180 seconds to synchronously load lazily loaded font '../../../Engine/Content/EngineFonts/Faces/RobotoBold.ufont' (160K)
[2019.03.14-19.40.22:549][  0]LogRenderer: Reallocating scene render targets to support 2560x1440 Format 10 NumSamples 1 (Frame:1).
[2019.03.14-19.40.22:549][  0]LogLoad: (Engine Initialization) Total time: 2.08 seconds
[2019.03.14-19.40.22:615][  0]LogContentStreaming: Texture pool size now 1000 MB
[2019.03.14-19.41.20:323][726]LogSlate: FSceneViewport::OnFocusLost() reason 0
[2019.03.14-19.41.20:456][730]LogNet: Browse: 127.0.0.1//Game/Maps/LobbyLevel
[2019.03.14-19.41.20:456][730]LogTemp: Display: ParseSettings for GameNetDriver
[2019.03.14-19.41.20:456][730]LogTemp: Display: ParseSettings for IpNetDriver_0
[2019.03.14-19.41.20:456][730]LogTemp: Display: ParseSettings for PendingNetDriver
[2019.03.14-19.41.20:456][730]LogInit: WinSock: Socket queue 32768 / 32768
[2019.03.14-19.41.20:457][730]LogInit: WinSock: I am LEE (192.168.56.1:0)
[2019.03.14-19.41.20:458][730]PacketHandlerLog: Loaded PacketHandler component: Engine.EngineHandlerComponentFactory (StatelessConnectHandlerComponent)
[2019.03.14-19.41.20:458][730]LogNet: Game client on port 7777, rate 10000
[2019.03.14-19.41.20:489][731]LogHandshake: SendChallengeResponse. Timestamp: 366.365448, Cookie: 101085238035006116066172149078038238020251145238094104214067
[2019.03.14-19.41.20:523][732]LogNetVersion: RumAgar 0.1.0.2, NetCL: 0, EngineNetVer: 5, GameNetVer: 0 (Checksum: 115531215)
[2019.03.14-19.41.20:523][732]LogNet: UPendingNetGame::SendInitialJoin: Sending hello. [UNetConnection] RemoteAddr: 127.0.0.1:7777, Name: IpConnection_0, Driver: PendingNetDriver IpNetDriver_0, IsServer: NO, PC: NULL, Owner: NULL, UniqueId: INVALID
[2019.03.14-19.41.20:589][734]LogNet: Welcomed by server (Level: /Game/Maps/MainLevel, Game: /Game/Blueprints/Gameplay/Agar_GameMode.Agar_GameMode_C)
[2019.03.14-19.41.20:589][734]LogLoad: LoadMap: 127.0.0.1//Game/Maps/MainLevel?game=/Game/Blueprints/Gameplay/Agar_GameMode.Agar_GameMode_C
[2019.03.14-19.41.20:611][734]LogStreaming: Display: Flushing async loaders.
[2019.03.14-19.41.20:649][734]LogModelComponent: Model /Game/Maps/MainLevel.MainLevel:PersistentLevel.ModelComponent_10 has elements that reference missing vertices. MaxVertex=10, NumVertices=0
[2019.03.14-19.41.20:649][734]LogModelComponent: Model /Game/Maps/MainLevel.MainLevel:PersistentLevel.ModelComponent_10 has elements that reference missing vertices. MaxVertex=49, NumVertices=0
[2019.03.14-19.41.20:649][734]LogModelComponent: Model /Game/Maps/MainLevel.MainLevel:PersistentLevel.ModelComponent_10 has elements that reference missing vertices. MaxVertex=67, NumVertices=0
[2019.03.14-19.41.20:649][734]LogModelComponent: Model /Game/Maps/MainLevel.MainLevel:PersistentLevel.ModelComponent_11 has elements that reference missing vertices. MaxVertex=15, NumVertices=0
[2019.03.14-19.41.20:649][734]LogModelComponent: Model /Game/Maps/MainLevel.MainLevel:PersistentLevel.ModelComponent_12 has elements that reference missing vertices. MaxVertex=19, NumVertices=0
[2019.03.14-19.41.20:649][734]LogModelComponent: Model /Game/Maps/MainLevel.MainLevel:PersistentLevel.ModelComponent_12 has elements that reference missing vertices. MaxVertex=59, NumVertices=0
[2019.03.14-19.41.20:649][734]LogModelComponent: Model /Game/Maps/MainLevel.MainLevel:PersistentLevel.ModelComponent_12 has elements that reference missing vertices. MaxVertex=79, NumVertices=0
[2019.03.14-19.41.20:649][734]LogModelComponent: Model /Game/Maps/MainLevel.MainLevel:PersistentLevel.ModelComponent_13 has elements that reference missing vertices. MaxVertex=25, NumVertices=0
[2019.03.14-19.41.20:649][734]LogModelComponent: Model /Game/Maps/MainLevel.MainLevel:PersistentLevel.ModelComponent_14 has elements that reference missing vertices. MaxVertex=30, NumVertices=0
[2019.03.14-19.41.20:649][734]LogModelComponent: Model /Game/Maps/MainLevel.MainLevel:PersistentLevel.ModelComponent_15 has elements that reference missing vertices. MaxVertex=35, NumVertices=0
[2019.03.14-19.41.20:649][734]LogModelComponent: Model /Game/Maps/MainLevel.MainLevel:PersistentLevel.ModelComponent_16 has elements that reference missing vertices. MaxVertex=39, NumVertices=0
[2019.03.14-19.41.20:649][734]LogModelComponent: Model /Game/Maps/MainLevel.MainLevel:PersistentLevel.ModelComponent_17 has elements that reference missing vertices. MaxVertex=55, NumVertices=0
[2019.03.14-19.41.20:649][734]LogModelComponent: Model /Game/Maps/MainLevel.MainLevel:PersistentLevel.ModelComponent_17 has elements that reference missing vertices. MaxVertex=71, NumVertices=0
[2019.03.14-19.41.20:650][734]LogModelComponent: Model /Game/Maps/MainLevel.MainLevel:PersistentLevel.ModelComponent_9 has elements that reference missing vertices. MaxVertex=5, NumVertices=0
[2019.03.14-19.41.20:650][734]LogModelComponent: Model /Game/Maps/MainLevel.MainLevel:PersistentLevel.ModelComponent_9 has elements that reference missing vertices. MaxVertex=43, NumVertices=0
[2019.03.14-19.41.20:650][734]LogModelComponent: Model /Game/Maps/MainLevel.MainLevel:PersistentLevel.ModelComponent_9 has elements that reference missing vertices. MaxVertex=63, NumVertices=0
[2019.03.14-19.41.20:652][734]LogTemp: Display: ParseSettings for GameNetDriver
[2019.03.14-19.41.20:653][734]LogWorld: Bringing World /Game/Maps/MainLevel.MainLevel up for play (max tick rate 0) at 2019.03.14-22.41.20
[2019.03.14-19.41.20:653][734]LogWorld: Bringing up level for play took: 0.000997
[2019.03.14-19.41.20:654][734]LogLoad: Took 0.064390 seconds to LoadMap(/Game/Maps/MainLevel)
[2019.03.14-19.41.21:657][765]LogScript: Warning: Script Msg: Divide by zero detected: 0.050000 / 0
Script call stack:
	Function /Game/Blueprints/Gameplay/Agar_PlayerPawnMouseControl.Agar_PlayerPawnMouseControl_C:ReceiveBeginPlay
	Function /Game/Blueprints/Gameplay/Agar_PlayerPawnMouseControl.Agar_PlayerPawnMouseControl_C:ExecuteUbergraph_Agar_PlayerPawnMouseControl
	Function /Game/Blueprints/Gameplay/Agar_PlayerPawnMouseControl.Agar_PlayerPawnMouseControl_C:OnRep_mass
	Function /Game/Blueprints/Gameplay/Agar_PlayerPawnMouseControl.Agar_PlayerPawnMouseControl_C:scaleByMass
	Function /Game/Blueprints/Gameplay/Agar_PlayerPawnMouseControl.Agar_PlayerPawnMouseControl_C:scaleFactorByMass

[2019.03.14-19.41.21:657][765]LogUMG: Display: Widget Class Agar_HUD_C - Loaded Fast Template.
[2019.03.14-19.41.21:757][768]LogOnline: Warning: OSS: No game present to join for session (GameSession)
[2019.03.14-19.41.24:341][845]LogUMG: Display: Widget Class LeaderboardWidget_C - Loaded Fast Template.
[2019.03.14-19.41.24:341][845]LogUMG: Display: Widget Class LeaderboardWidgetEntry_C - Loaded Fast Template.
[2019.03.14-19.41.24:342][845]PIE: Warning: The widget 'LeaderboardWidget_C' was already added to the screen.
[2019.03.14-19.41.50:962][643]LogUMG: Display: Widget Class InGameMenu_C - Loaded Fast Template.
[2019.03.14-19.41.52:862][700]LogSlate: FSceneViewport::OnFocusLost() reason 0
[2019.03.14-19.41.52:962][703]Closing by request
[2019.03.14-19.41.52:962][703]LogWindows: FPlatformMisc::RequestExit(0)
[2019.03.14-19.41.52:970][704]LogNet: World NetDriver shutdown IpNetDriver_0 [GameNetDriver]
[2019.03.14-19.41.52:971][704]LogNet: DestroyNamedNetDriver IpNetDriver_0 [GameNetDriver]
[2019.03.14-19.41.52:971][704]LogNet: UNetConnection::Close: [UNetConnection] RemoteAddr: 127.0.0.1:7777, Name: IpConnection_0, Driver: GameNetDriver IpNetDriver_0, IsServer: NO, PC: Agar_PlayerController_C_0, Owner: Agar_PlayerController_C_0, UniqueId: NULL:LEE-BDC84A054B78C984FC486EA19ED19209, Channels: 210, Time: 2019.03.14-19.41.52
[2019.03.14-19.41.52:971][704]LogNet: UChannel::Close: Sending CloseBunch. ChIndex == 0. Name: [UChannel] ChIndex: 0, Closing: 0 [UNetConnection] RemoteAddr: 127.0.0.1:7777, Name: IpConnection_0, Driver: GameNetDriver IpNetDriver_0, IsServer: NO, PC: Agar_PlayerController_C_0, Owner: Agar_PlayerController_C_0, UniqueId: NULL:LEE-BDC84A054B78C984FC486EA19ED19209
[2019.03.14-19.41.52:971][704]LogExit: GameNetDriver IpNetDriver_0 shut down
[2019.03.14-19.41.53:281][704]LogSlate: Request Window 'RumAgar (64-bit Development PCD3D_SM5) ' being destroyed
[2019.03.14-19.41.53:306][704]LogSlate: Window 'RumAgar (64-bit Development PCD3D_SM5) ' being destroyed
[2019.03.14-19.41.53:306][704]LogWindowsTextInputMethodSystem: Display: IME system now deactivated.
[2019.03.14-19.41.53:306][704]LogWindowsTextInputMethodSystem: Display: IME system now deactivated.
[2019.03.14-19.41.53:327][704]LogSlate: Slate User Destroyed.  User Index 0, Is Virtual User: 0
[2019.03.14-19.41.53:327][704]LogExit: Preparing to exit.
[2019.03.14-19.41.53:327][704]LogMoviePlayer: Shutting down movie player
[2019.03.14-19.41.53:331][704]LogSlate: Updating window title bar state: overlay mode, drag disabled, window buttons hidden, title bar hidden
[2019.03.14-19.41.53:338][704]LogExit: Game engine shut down
[2019.03.14-19.41.53:373][704]LogExit: Object subsystem successfully closed.
[2019.03.14-19.41.53:381][704]LogD3D11RHI: Shutdown
[2019.03.14-19.41.53:381][704]LogD3D11RHI: CleanupD3DDevice
[2019.03.14-19.41.53:382][704]LogD3D11RHI: ~FD3D11DynamicRHI
[2019.03.14-19.41.53:382][704]LogModuleManager: Shutting down and abandoning module AutomationController (188)
[2019.03.14-19.41.53:382][704]LogModuleManager: Shutting down and abandoning module AutomationWorker (186)
[2019.03.14-19.41.53:382][704]LogModuleManager: Shutting down and abandoning module Voice (184)
[2019.03.14-19.41.53:383][704]LogModuleManager: Shutting down and abandoning module AIModule (182)
[2019.03.14-19.41.53:383][704]LogModuleManager: Shutting down and abandoning module GameplayDebugger (181)
[2019.03.14-19.41.53:383][704]LogModuleManager: Shutting down and abandoning module NavigationSystem (179)
[2019.03.14-19.41.53:383][704]LogModuleManager: Shutting down and abandoning module WmfMediaFactory (176)
[2019.03.14-19.41.53:383][704]LogModuleManager: Shutting down and abandoning module OpenExrWrapper (174)
[2019.03.14-19.41.53:383][704]LogModuleManager: Shutting down and abandoning module ImgMediaFactory (172)
[2019.03.14-19.41.53:383][704]LogModuleManager: Shutting down and abandoning module AvfMediaFactory (170)
[2019.03.14-19.41.53:383][704]LogModuleManager: Shutting down and abandoning module CharacterAI (168)
[2019.03.14-19.41.53:383][704]LogModuleManager: Shutting down and abandoning module SessionServices (166)
[2019.03.14-19.41.53:383][704]LogModuleManager: Shutting down and abandoning module MovieSceneTracks (164)
[2019.03.14-19.41.53:383][704]LogModuleManager: Shutting down and abandoning module MovieScene (162)
[2019.03.14-19.41.53:383][704]LogModuleManager: Shutting down and abandoning module StreamingPauseRendering (160)
[2019.03.14-19.41.53:383][704]LogModuleManager: Shutting down and abandoning module ProfilerService (158)
[2019.03.14-19.41.53:519][704]LogModuleManager: Shutting down and abandoning module TaskGraph (156)
[2019.03.14-19.41.53:519][704]LogModuleManager: Shutting down and abandoning module SteamVRController (154)
[2019.03.14-19.41.53:519][704]LogModuleManager: Shutting down and abandoning module ProceduralMeshComponent (152)
[2019.03.14-19.41.53:519][704]LogModuleManager: Shutting down and abandoning module OculusInput (150)
[2019.03.14-19.41.53:519][704]LogModuleManager: Shutting down and abandoning module MobilePatchingUtils (148)
[2019.03.14-19.41.53:519][704]LogModuleManager: Shutting down and abandoning module CustomMeshComponent (146)
[2019.03.14-19.41.53:519][704]LogModuleManager: Shutting down and abandoning module CableComponent (144)
[2019.03.14-19.41.53:519][704]LogModuleManager: Shutting down and abandoning module AudioCapture (142)
[2019.03.14-19.41.53:519][704]LogModuleManager: Shutting down and abandoning module ArchVisCharacter (140)
[2019.03.14-19.41.53:519][704]LogModuleManager: Shutting down and abandoning module AndroidPermission (138)
[2019.03.14-19.41.53:519][704]LogModuleManager: Shutting down and abandoning module MediaCompositing (136)
[2019.03.14-19.41.53:519][704]LogModuleManager: Shutting down and abandoning module LinearTimecode (134)
[2019.03.14-19.41.53:519][704]LogModuleManager: Shutting down and abandoning module ImgMedia (132)
[2019.03.14-19.41.53:519][704]LogModuleManager: Shutting down and abandoning module HTML5Networking (130)
[2019.03.14-19.41.53:519][704]LogModuleManager: Shutting down and abandoning module BackChannel (128)
[2019.03.14-19.41.53:519][704]LogModuleManager: Shutting down and abandoning module AppleVision (126)
[2019.03.14-19.41.53:519][704]LogModuleManager: Shutting down and abandoning module AppleImageUtils (124)
[2019.03.14-19.41.53:519][704]LogModuleManager: Shutting down and abandoning module GeometryCacheTracks (122)
[2019.03.14-19.41.53:519][704]LogModuleManager: Shutting down and abandoning module GeometryCache (120)
[2019.03.14-19.41.53:519][704]LogModuleManager: Shutting down and abandoning module DatasmithContent (118)
[2019.03.14-19.41.53:519][704]LogModuleManager: Shutting down and abandoning module EditableMesh (116)
[2019.03.14-19.41.53:519][704]LogModuleManager: Shutting down and abandoning module RumAgar (114)
[2019.03.14-19.41.53:519][704]LogModuleManager: Shutting down and abandoning module RuntimePhysXCooking (112)
[2019.03.14-19.41.53:519][704]LogModuleManager: Shutting down and abandoning module PhysXVehicles (110)
[2019.03.14-19.41.53:519][704]LogModuleManager: Shutting down and abandoning module LocationServicesBPLibrary (108)
[2019.03.14-19.41.53:519][704]LogModuleManager: Shutting down and abandoning module ImmediatePhysics (106)
[2019.03.14-19.41.53:519][704]LogModuleManager: Shutting down and abandoning module ActorSequence (104)
[2019.03.14-19.41.53:519][704]LogModuleManager: Shutting down and abandoning module UdpMessaging (102)
[2019.03.14-19.41.53:519][704]LogModuleManager: Shutting down and abandoning module TcpMessaging (100)
[2019.03.14-19.41.53:519][704]LogModuleManager: Shutting down and abandoning module FacialAnimation (98)
[2019.03.14-19.41.53:520][704]LogModuleManager: Shutting down and abandoning module LightPropagationVolumeRuntime (96)
[2019.03.14-19.41.53:520][704]LogModuleManager: Shutting down and abandoning module AISupportModule (94)
[2019.03.14-19.41.53:520][704]LogModuleManager: Shutting down and abandoning module Paper2D (92)
[2019.03.14-19.41.53:520][704]LogModuleManager: Shutting down and abandoning module WindowsMoviePlayer (90)
[2019.03.14-19.41.53:520][704]LogModuleManager: Shutting down and abandoning module WmfMedia (88)
[2019.03.14-19.41.53:520][704]LogModuleManager: Shutting down and abandoning module Media (87)
[2019.03.14-19.41.53:526][704]LogModuleManager: Shutting down and abandoning module PacketHandler (84)
[2019.03.14-19.41.53:526][704]LogModuleManager: Shutting down and abandoning module ClothingSystemRuntime (82)
[2019.03.14-19.41.53:526][704]LogModuleManager: Shutting down and abandoning module MediaAssets (80)
[2019.03.14-19.41.53:526][704]LogModuleManager: Shutting down and abandoning module Overlay (78)
[2019.03.14-19.41.53:526][704]LogModuleManager: Shutting down and abandoning module UMG (76)
[2019.03.14-19.41.53:526][704]LogModuleManager: Shutting down and abandoning module SlateReflector (74)
[2019.03.14-19.41.53:526][704]LogModuleManager: Shutting down and abandoning module Slate (72)
[2019.03.14-19.41.53:526][704]LogModuleManager: Shutting down and abandoning module MRMesh (70)
[2019.03.14-19.41.53:526][704]LogModuleManager: Shutting down and abandoning module Messaging (68)
[2019.03.14-19.41.53:526][704]LogModuleManager: Shutting down and abandoning module HeadMountedDisplay (66)
[2019.03.14-19.41.53:526][704]LogModuleManager: Shutting down and abandoning module XAudio2 (64)
[2019.03.14-19.41.53:526][704]LogModuleManager: Shutting down and abandoning module Networking (62)
[2019.03.14-19.41.53:526][704]LogModuleManager: Shutting down and abandoning module Core (60)
[2019.03.14-19.41.53:526][704]LogModuleManager: Shutting down and abandoning module LevelSequence (58)
[2019.03.14-19.41.53:526][704]LogModuleManager: Shutting down and abandoning module ImageWrapper (54)
[2019.03.14-19.41.53:526][704]LogModuleManager: Shutting down and abandoning module InputCore (52)
[2019.03.14-19.41.53:526][704]LogModuleManager: Shutting down and abandoning module PhysXCooking (50)
[2019.03.14-19.41.53:526][704]LogModuleManager: Shutting down and abandoning module SteamVR (48)
[2019.03.14-19.41.53:526][704]LogModuleManager: Shutting down and abandoning module OculusHMD (46)
[2019.03.14-19.41.53:526][704]LogModuleManager: Shutting down and abandoning module ExampleDeviceProfileSelector (44)
[2019.03.14-19.41.53:526][704]LogModuleManager: Shutting down and abandoning module LauncherChunkInstaller (42)
[2019.03.14-19.41.53:526][704]LogModuleManager: Shutting down and abandoning module OnlineSubsystem (38)
[2019.03.14-19.41.53:526][704]LogModuleManager: Shutting down and abandoning module HTTP (33)
[2019.03.14-19.41.53:545][704]LogModuleManager: Shutting down and abandoning module SSL (32)
[2019.03.14-19.41.53:545][704]LogModuleManager: Shutting down and abandoning module ShaderCore (28)
[2019.03.14-19.41.53:545][704]LogModuleManager: Shutting down and abandoning module Landscape (26)
[2019.03.14-19.41.53:545][704]LogModuleManager: Shutting down and abandoning module SlateRHIRenderer (24)
[2019.03.14-19.41.53:545][704]LogModuleManager: Shutting down and abandoning module OpenGLDrv (22)
[2019.03.14-19.41.53:545][704]LogModuleManager: Shutting down and abandoning module D3D11RHI (20)
[2019.03.14-19.41.53:545][704]LogModuleManager: Shutting down and abandoning module AnimGraphRuntime (18)
[2019.03.14-19.41.53:545][704]LogModuleManager: Shutting down and abandoning module Renderer (16)
[2019.03.14-19.41.53:545][704]LogModuleManager: Shutting down and abandoning module Engine (14)
[2019.03.14-19.41.53:545][704]LogModuleManager: Shutting down and abandoning module CoreUObject (12)
[2019.03.14-19.41.53:545][704]LogModuleManager: Shutting down and abandoning module NetworkFile (10)
[2019.03.14-19.41.53:545][704]LogModuleManager: Shutting down and abandoning module CookedIterativeFile (8)
[2019.03.14-19.41.53:545][704]LogModuleManager: Shutting down and abandoning module StreamingFile (6)
[2019.03.14-19.41.53:545][704]LogModuleManager: Shutting down and abandoning module SandboxFile (4)
[2019.03.14-19.41.53:545][704]LogModuleManager: Shutting down and abandoning module PakFile (2)
[2019.03.14-19.41.53:547][704]LogExit: Exiting.
[2019.03.14-19.41.53:551][704]Log file closed, 03/14/19 22:41:53
