Log file open, 03/14/19 22:46:08
LogWindows: Failed to load 'aqProf.dll' (GetLastError=126)
LogWindows: File 'aqProf.dll' does not exist
LogWindows: Failed to load 'VtuneApi.dll' (GetLastError=126)
LogWindows: File 'VtuneApi.dll' does not exist
LogWindows: Failed to load 'VtuneApi32e.dll' (GetLastError=126)
LogWindows: File 'VtuneApi32e.dll' does not exist
LogPakFile: Display: Found Pak file ../../../RumAgar/Content/Paks/RumAgar-WindowsNoEditor.pak attempting to mount.
LogPakFile: Display: Mounting pak file ../../../RumAgar/Content/Paks/RumAgar-WindowsNoEditor.pak.
LogPlatformFile: Not using cached read wrapper
LogTaskGraph: Started task graph with 5 named threads and 9 total threads with 1 sets of task threads.
LogStats: Stats thread started at 0.102553
LogD3D11RHI: Loaded GFSDK_Aftermath_Lib.x64.dll
LogICUInternationalization: Display: ICU TimeZone Detection - Raw Offset: +4:00, Platform Override: ''
LogPluginManager: Mounting plugin Paper2D
LogPluginManager: Mounting plugin AISupport
LogPluginManager: Mounting plugin LightPropagationVolume
LogPluginManager: Mounting plugin AssetManagerEditor
LogPluginManager: Mounting plugin CryptoKeys
LogPluginManager: Mounting plugin FacialAnimation
LogPluginManager: Mounting plugin MeshEditor
LogPluginManager: Mounting plugin EditableMesh
LogPluginManager: Mounting plugin DatasmithContent
LogPluginManager: Mounting plugin AlembicImporter
LogPluginManager: Mounting plugin GeometryCache
LogPluginManager: Mounting plugin AppleImageUtils
LogPluginManager: Mounting plugin AppleVision
LogPluginManager: Mounting plugin BackChannel
LogPluginManager: Mounting plugin CharacterAI
LogPluginManager: Mounting plugin HTML5Networking
LogPluginManager: Mounting plugin AvfMedia
LogPluginManager: Mounting plugin ImgMedia
LogPluginManager: Mounting plugin LinearTimecode
LogPluginManager: Mounting plugin MediaCompositing
LogPluginManager: Mounting plugin WmfMedia
LogPluginManager: Mounting plugin TcpMessaging
LogPluginManager: Mounting plugin UdpMessaging
LogPluginManager: Mounting plugin ActorSequence
LogPluginManager: Mounting plugin NetcodeUnitTest
LogPluginManager: Mounting plugin OnlineSubsystem
LogPluginManager: Mounting plugin OnlineSubsystemNull
LogPluginManager: Mounting plugin OnlineSubsystemUtils
LogPluginManager: Mounting plugin LauncherChunkInstaller
LogPluginManager: Mounting plugin AndroidPermission
LogPluginManager: Mounting plugin ArchVisCharacter
LogPluginManager: Mounting plugin AudioCapture
LogPluginManager: Mounting plugin CableComponent
LogPluginManager: Mounting plugin CustomMeshComponent
LogPluginManager: Mounting plugin ExampleDeviceProfileSelector
LogPluginManager: Mounting plugin ImmediatePhysics
LogPluginManager: Mounting plugin LocationServicesBPLibrary
LogPluginManager: Mounting plugin MobilePatchingUtils
LogPluginManager: Mounting plugin OculusVR
LogPluginManager: Mounting plugin ProceduralMeshComponent
LogPluginManager: Mounting plugin PhysXVehicles
LogPluginManager: Mounting plugin RuntimePhysXCooking
LogPluginManager: Mounting plugin SteamVR
LogPluginManager: Mounting plugin WindowsMoviePlayer
LogStreaming: Display: Took  0.053s to configure plugins.
LogInit: Using libcurl 7.55.1-DEV
LogInit:  - built for x86_64-pc-win32
LogInit:  - supports SSL with OpenSSL/1.0.2h
LogInit:  - supports HTTP deflate (compression) using libz 1.2.8
LogInit:  - other features:
LogInit:      CURL_VERSION_SSL
LogInit:      CURL_VERSION_LIBZ
LogInit:      CURL_VERSION_IPV6
LogInit:      CURL_VERSION_ASYNCHDNS
LogInit:      CURL_VERSION_LARGEFILE
LogInit:      CURL_VERSION_IDN
LogInit:  CurlRequestOptions (configurable via config and command line):
LogInit:  - bVerifyPeer = false  - Libcurl will NOT verify peer certificate
LogInit:  - bUseHttpProxy = false  - Libcurl will NOT use HTTP proxy
LogInit:  - bDontReuseConnections = false  - Libcurl will reuse connections
LogInit:  - CertBundlePath = nullptr  - Libcurl will use whatever was configured at build time.
LogInit:  - MaxHostConnections = 16  - Libcurl will limit the number of connections to a host
LogInit:  - LocalHostAddr = Default
LogInit:  - BufferSize = 65536
LogInit: WinSock: version 1.1 (2.2), MaxSocks=32767, MaxUdp=65467
LogInit: Build: ++UE4+Release-4.20-CL-0
LogInit: Engine Version: 4.20.3-0+++UE4+Release-4.20
LogInit: Compatible Engine Version: 4.20.0-0+++UE4+Release-4.20
LogInit: Net CL: 0
LogInit: OS: Windows 8.1 (), CPU: Intel(R) Core(TM) i7-5820K CPU @ 3.30GHz, GPU: NVIDIA GeForce GTX 970
LogInit: Compiled (64-bit): Mar 14 2019 22:09:46
LogInit: Compiled with Visual C++: 19.16.27027.01
LogInit: Build Configuration: Development
LogInit: Branch Name: ++UE4+Release-4.20
LogInit: Command Line: -log
LogInit: Base Directory: E:/YandexDisk/_IFMO/3rd_SEM/Networks/UE4/WindowsNoEditor/RumAgar/Binaries/Win64/
LogInit: Installed Engine Build: 0
LogDevObjectVersion: Number of dev versions registered: 20
LogDevObjectVersion:   Dev-Blueprints (B0D832E4-1F89-4F0D-ACCF-7EB736FD4AA2): 10
LogDevObjectVersion:   Dev-Build (E1C64328-A22C-4D53-A36C-8E866417BD8C): 0
LogDevObjectVersion:   Dev-Core (375EC13C-06E4-48FB-B500-84F0262A717E): 2
LogDevObjectVersion:   Dev-Editor (E4B068ED-F494-42E9-A231-DA0B2E46BB41): 24
LogDevObjectVersion:   Dev-Framework (CFFC743F-43B0-4480-9391-14DF171D2073): 34
LogDevObjectVersion:   Dev-Mobile (B02B49B5-BB20-44E9-A304-32B752E40360): 2
LogDevObjectVersion:   Dev-Networking (A4E4105C-59A1-49B5-A7C5-40C4547EDFEE): 0
LogDevObjectVersion:   Dev-Online (39C831C9-5AE6-47DC-9A44-9C173E1C8E7C): 0
LogDevObjectVersion:   Dev-Physics (78F01B33-EBEA-4F98-B9B4-84EACCB95AA2): 0
LogDevObjectVersion:   Dev-Platform (6631380F-2D4D-43E0-8009-CF276956A95A): 0
LogDevObjectVersion:   Dev-Rendering (12F88B9F-8875-4AFC-A67C-D90C383ABD29): 26
LogDevObjectVersion:   Dev-Sequencer (7B5AE74C-D270-4C10-A958-57980B212A5A): 9
LogDevObjectVersion:   Dev-VR (D7296918-1DD6-4BDD-9DE2-64A83CC13884): 2
LogDevObjectVersion:   Dev-LoadTimes (C2A15278-BFE7-4AFE-6C17-90FF531DF755): 1
LogDevObjectVersion:   Private-Geometry (6EACA3D4-40EC-4CC1-B786-8BED09428FC5): 3
LogDevObjectVersion:   Dev-AnimPhys (29E575DD-E0A3-4627-9D10-D276232CDCEA): 17
LogDevObjectVersion:   Dev-ReflectionCapture (6B266CEC-1EC7-4B8F-A30B-E4D90942FC07): 1
LogDevObjectVersion:   Dev-Automation (0DF73D61-A23F-47EA-B727-89E90C41499A): 1
LogDevObjectVersion:   FortniteMain (601D1886-AC64-4F84-AA16-D3DE0DEAC7D6): 12
LogDevObjectVersion:   Dev-Enterprise (9DFFBCD6-494F-0158-E221-12823C92A888): 1
LogStreaming: Display: Took  0.000s to delete old logs.
LogInit: Presizing for max 2097152 objects, including 0 objects not considered by GC, pre-allocating 0 bytes for permanent pool.
LogStreaming: Display: Async Loading initialized: Event Driven Loader: true, Async Loading Thread: false, Async Post Load: false
LogInit: Object subsystem initialized
[2019.03.14-19.46.08:975][  0]LogInit: Selected Device Profile: [WindowsServer]
[2019.03.14-19.46.08:975][  0]LogInit: Applying CVar settings loaded from the selected device profile: [WindowsServer]
[2019.03.14-19.46.08:980][  0]LogHAL: Display: Platform has ~ 40 GB [42857824256 / 68719476736 / 40], which maps to Largest [LargestMinGB=32, LargerMinGB=12, DefaultMinGB=8, SmallerMinGB=6, SmallestMinGB=0)
[2019.03.14-19.46.08:981][  0]LogInit: Going up to parent DeviceProfile [Windows]
[2019.03.14-19.46.08:981][  0]LogInit: Setting Device Profile CVar: [[r.Vulkan.UseRealUBs:1]]
[2019.03.14-19.46.08:981][  0]LogInit: Going up to parent DeviceProfile []
[2019.03.14-19.46.08:982][  0]LogInit: Computer: LEE
[2019.03.14-19.46.08:982][  0]LogInit: User: AlexanderRumyantsev
[2019.03.14-19.46.08:983][  0]LogInit: CPU Page size=4096, Cores=6
[2019.03.14-19.46.08:983][  0]LogInit: High frequency timer resolution =3.220789 MHz
[2019.03.14-19.46.08:984][  0]LogMemory: Memory total: Physical=39.9GB (40GB approx)
[2019.03.14-19.46.08:984][  0]LogMemory: Platform Memory Stats for WindowsServer
[2019.03.14-19.46.08:984][  0]LogMemory: Process Physical Memory: 50.35 MB used, 50.35 MB peak
[2019.03.14-19.46.08:984][  0]LogMemory: Process Virtual Memory: 62.61 MB used, 62.61 MB peak
[2019.03.14-19.46.08:985][  0]LogMemory: Physical Memory: 16415.17 MB used,  24457.24 MB free, 40872.41 MB total
[2019.03.14-19.46.08:985][  0]LogMemory: Virtual Memory: 272.92 MB used,  24457.24 MB free, 134217728.00 MB total
[2019.03.14-19.46.09:010][  0]LogInit: Using OS detected language (en-US).
[2019.03.14-19.46.09:010][  0]LogInit: Using OS detected locale (en-US).
[2019.03.14-19.46.09:011][  0]LogTextLocalizationManager: No specific localization for 'en-US' exists, so the 'en' localization will be used.
[2019.03.14-19.46.09:036][  0]LogStreaming: Display: Took  0.026s to InitEngineTextLocalization.
[2019.03.14-19.46.09:040][  0]LogInit: Using OS detected language (en-US).
[2019.03.14-19.46.09:040][  0]LogInit: Using OS detected locale (en-US).
[2019.03.14-19.46.09:041][  0]LogTextLocalizationManager: No localization for 'en-US' exists, so 'en' will be used for the language.
[2019.03.14-19.46.09:041][  0]LogTextLocalizationManager: No localization for 'en-US' exists, so 'en' will be used for the locale.
[2019.03.14-19.46.09:063][  0]LogStreaming: Display: Took  0.023s to InitGameTextLocalization.
[2019.03.14-19.46.09:073][  0]LogAssetRegistry: FAssetRegistry took 0.0092 seconds to start up
[2019.03.14-19.46.09:172][  0]LogStreaming: Display: Flushing async loaders.
[2019.03.14-19.46.09:179][  0]LogPackageLocalizationCache: Processed 9 localized package path(s) for 1 prioritized culture(s) in 0.006851 seconds
[2019.03.14-19.46.09:180][  0]LogPakFile: New pak file ../../../RumAgar/Content/Paks/RumAgar-WindowsNoEditor.pak added to pak precacher.
[2019.03.14-19.46.09:184][  0]LogInit: Selected Device Profile: [WindowsServer]
[2019.03.14-19.46.09:195][  0]LogNetVersion: RumAgar 1.0.0, NetCL: 0, EngineNetVer: 5, GameNetVer: 0 (Checksum: 1917226501)
[2019.03.14-19.46.09:295][  0]LogUObjectArray: 33835 objects as part of root set at end of initial load.
[2019.03.14-19.46.09:295][  0]LogUObjectAllocator: 5074568 out of 0 bytes used by permanent object pool.
[2019.03.14-19.46.09:296][  0]LogUObjectArray: CloseDisregardForGC: 0/0 objects in disregard for GC pool
[2019.03.14-19.46.09:398][  0]LogAndroidPermission: UAndroidPermissionCallbackProxy::GetInstance
[2019.03.14-19.46.09:398][  0]LogOcInput: OculusInput pre-init called
[2019.03.14-19.46.09:411][  0]LogEngine: Initializing Engine...
[2019.03.14-19.46.09:413][  0]LogStats: UGameplayTagsManager::ConstructGameplayTagTree: ImportINI prefixes -  0.000 s
[2019.03.14-19.46.09:413][  0]LogStats: UGameplayTagsManager::ConstructGameplayTagTree: Construct from data asset -  0.000 s
[2019.03.14-19.46.09:414][  0]LogStats: UGameplayTagsManager::ConstructGameplayTagTree: ImportINI -  0.000 s
[2019.03.14-19.46.09:415][  0]LogStats: UGameplayTagsManager::ConstructGameplayTagTree: GameplayTagTreeChangedEvent.Broadcast -  0.000 s
[2019.03.14-19.46.09:501][  0]LogInit: Initializing FReadOnlyCVARCache
[2019.03.14-19.46.09:502][  0]LogNetVersion: Set ProjectVersion to 0.1.0.2. Version Checksum will be recalculated on next use.
[2019.03.14-19.46.09:502][  0]LogInit: Texture streaming: Disabled
[2019.03.14-19.46.09:511][  0]LogInit: Display: Game Engine Initialized.
[2019.03.14-19.46.09:511][  0]LogGameplayTags: Display: UGameplayTagsManager::DoneAddingNativeTags. DelegateIsBound: 0
[2019.03.14-19.46.09:512][  0]LogStats: UGameplayTagsManager::ConstructGameplayTagTree: ImportINI prefixes -  0.000 s
[2019.03.14-19.46.09:512][  0]LogStats: UGameplayTagsManager::ConstructGameplayTagTree: Construct from data asset -  0.000 s
[2019.03.14-19.46.09:512][  0]LogStats: UGameplayTagsManager::ConstructGameplayTagTree: ImportINI -  0.000 s
[2019.03.14-19.46.09:512][  0]LogStats: UGameplayTagsManager::ConstructGameplayTagTree: GameplayTagTreeChangedEvent.Broadcast -  0.000 s
[2019.03.14-19.46.09:521][  0]LogInit: Display: Starting Game.
[2019.03.14-19.46.09:521][  0]LogNet: Browse: /Game/Maps/MainLevel?Name=Player
[2019.03.14-19.46.09:522][  0]LogLoad: LoadMap: /Game/Maps/MainLevel?Name=Player
[2019.03.14-19.46.09:560][  0]LogAIModule: Creating AISystem for world MainLevel
[2019.03.14-19.46.09:561][  0]LogLoad: Game class is 'Agar_GameMode_C'
[2019.03.14-19.46.09:561][  0]LogTemp: Display: ParseSettings for GameNetDriver
[2019.03.14-19.46.09:561][  0]LogTemp: Display: ParseSettings for IpNetDriver_0
[2019.03.14-19.46.09:562][  0]LogTemp: Display: ParseSettings for GameNetDriver
[2019.03.14-19.46.09:562][  0]LogNet: ReplicationDriverClass is null! Not using ReplicationDriver.
[2019.03.14-19.46.09:562][  0]LogInit: WinSock: Socket queue 131072 / 131072
[2019.03.14-19.46.09:564][  0]LogInit: WinSock: I am LEE (192.168.56.1:0)
[2019.03.14-19.46.09:564][  0]PacketHandlerLog: Loaded PacketHandler component: Engine.EngineHandlerComponentFactory (StatelessConnectHandlerComponent)
[2019.03.14-19.46.09:564][  0]LogNet: GameNetDriver IpNetDriver_0 IpNetDriver listening on port 7777
[2019.03.14-19.46.09:565][  0]LogRHI: NullRHI preferably does not allocate memory on the server. Try to change the caller to avoid doing allocs in when FApp::ShouldUseNullRHI() is true.
[2019.03.14-19.46.09:588][  0]LogWorld: Bringing World /Game/Maps/MainLevel.MainLevel up for play (max tick rate 30) at 2019.03.14-22.46.09
[2019.03.14-19.46.09:589][  0]LogWorld: Bringing up level for play took: 0.023767
[2019.03.14-19.46.09:590][  0]LogLoad: Took 0.067869 seconds to LoadMap(/Game/Maps/MainLevel)
[2019.03.14-19.46.09:590][  0]LogLoad: (Engine Initialization) Total time: 0.99 seconds
